
> aesso-website@0.1.0 dev
> astro dev

10:12:23 [@astrojs/cloudflare] Enabling sessions with Cloudflare KV with the "SESSION" KV binding.
10:12:23 [@astrojs/cloudflare] If you see the error "Invalid binding `SESSION`" in your build output, you need to add the binding to your wrangler config file.
node:events:497
      throw er; // Unhandled 'error' event
      ^

Error: listen EPERM: operation not permitted 127.0.0.1
    at Server.setupListenHandle [as _listen2] (node:net:1881:21)
    at listenInCluster (node:net:1946:12)
    at doListen (node:net:2116:7)
    at process.processTicksAndRejections (node:internal/process/task_queues:83:21)
Emitted 'error' event on Server instance at:
    at emitErrorNT (node:net:1925:8)
    at process.processTicksAndRejections (node:internal/process/task_queues:82:21) {
  code: 'EPERM',
  errno: -1,
  syscall: 'listen',
  address: '127.0.0.1'
}

Node.js v20.13.1
